#
# There is insufficient memory for the Java Runtime Environment to continue.
# Native memory allocation (malloc) failed to allocate 557136 bytes for Chunk::new
# Possible reasons:
#   The system is out of physical RAM or swap space
#   The process is running with CompressedOops enabled, and the Java Heap may be blocking the growth of the native heap
# Possible solutions:
#   Reduce memory load on the system
#   Increase physical memory or swap space
#   Check if swap backing store is full
#   Decrease Java heap size (-Xmx/-Xms)
#   Decrease number of Java threads
#   Decrease Java thread stack sizes (-Xss)
#   Set larger code cache with -XX:ReservedCodeCacheSize=
#   JVM is running with Unscaled Compressed Oops mode in which the Java heap is
#     placed in the first 4GB address space. The Java Heap base address is the
#     maximum limit for the native heap growth. Please use -XX:HeapBaseMinAddress
#     to set the Java Heap base and to place the Java Heap above 4GB virtual address.
# This output file may be truncated or incomplete.
#
#  Out of Memory Error (arena.cpp:184), pid=16180, tid=26140
#
# JRE version: OpenJDK Runtime Environment (19.0.1+10) (build 19.0.1+10-21)
# Java VM: OpenJDK 64-Bit Server VM (19.0.1+10-21, mixed mode, sharing, tiered, compressed oops, compressed class ptrs, g1 gc, windows-amd64)
# No core dump will be written. Minidumps are not enabled by default on client versions of Windows
#

---------------  S U M M A R Y ------------

Command Line: -javaagent:C:\Program Files\JetBrains\IntelliJ IDEA Community Edition 2022.2.3\lib\idea_rt.jar=57298:C:\Program Files\JetBrains\IntelliJ IDEA Community Edition 2022.2.3\bin -Dfile.encoding=UTF-8 -Dsun.stdout.encoding=UTF-8 -Dsun.stderr.encoding=UTF-8 backend.BackendApplication

Host: 11th Gen Intel(R) Core(TM) i5-1135G7 @ 2.40GHz, 8 cores, 7G,  Windows 11 , 64 bit Build 26100 (10.0.26100.8246)
Time: Sat Apr 18 22:09:00 2026 Jerusalem Daylight Time elapsed time: 7523.834414 seconds (0d 2h 5m 23s)

---------------  T H R E A D  ---------------

Current thread (0x0000015d7f286c30):  JavaThread "C2 CompilerThread0" daemon [_thread_in_native, id=26140, stack(0x0000004bb6c00000,0x0000004bb6d00000)]


Current CompileTask:
C2:7523835 7813   !   4       jdk.internal.loader.BuiltinClassLoader::findResource (154 bytes)

Stack: [0x0000004bb6c00000,0x0000004bb6d00000]
Native frames: (J=compiled Java code, j=interpreted, Vv=VM code, C=native code)
V  [jvm.dll+0x6ee8fa]
V  [jvm.dll+0x857a1e]
V  [jvm.dll+0x85940e]
V  [jvm.dll+0x859ac3]
V  [jvm.dll+0x28291f]
V  [jvm.dll+0xc9b5f]
V  [jvm.dll+0xc9ee5]
V  [jvm.dll+0x2f7c6f]
V  [jvm.dll+0x5f0c5b]
V  [jvm.dll+0x2551fc]
V  [jvm.dll+0x24e097]
V  [jvm.dll+0x24b563]
V  [jvm.dll+0x1d6d61]
V  [jvm.dll+0x25b0fa]
V  [jvm.dll+0x259588]
V  [jvm.dll+0x807928]
V  [jvm.dll+0x8015fa]
V  [jvm.dll+0x6ed5eb]
C  [ucrtbase.dll+0x37b0]
C  [KERNEL32.DLL+0x2e8d7]
C  [ntdll.dll+0x8c3fc]


---------------  P R O C E S S  ---------------

Threads class SMR info:
_java_thread_list=0x0000015d2347c500, length=30, elements={
0x0000015d7f27c590, 0x0000015d7f27cec0, 0x0000015d7f282ba0, 0x0000015d7f2835c0,
0x0000015d7f284780, 0x0000015d7f2851a0, 0x0000015d7f286c30, 0x0000015d7f290650,
0x0000015d7f2a10c0, 0x0000015d1f0f1e30, 0x0000015d1f0efe50, 0x0000015d1f0f03a0,
0x0000015d1f0ef900, 0x0000015d1f0f1390, 0x0000015d1f0f08f0, 0x0000015d1f0f18e0,
0x0000015d1f0eee60, 0x0000015d21b38380, 0x0000015d21b388d0, 0x0000015d21b378e0,
0x0000015d21b35e50, 0x0000015d21b38e20, 0x0000015d21b353b0, 0x0000015d21b39370,
0x0000015d21b368f0, 0x0000015d21b36e40, 0x0000015d21b37390, 0x0000015d21b35900,
0x0000015d21b37e30, 0x0000015d21b398c0
}

Java Threads: ( => current thread )
  0x0000015d7f27c590 JavaThread "Reference Handler" daemon [_thread_blocked, id=39824, stack(0x0000004bb6600000,0x0000004bb6700000)]
  0x0000015d7f27cec0 JavaThread "Finalizer" daemon [_thread_blocked, id=39520, stack(0x0000004bb6700000,0x0000004bb6800000)]
  0x0000015d7f282ba0 JavaThread "Signal Dispatcher" daemon [_thread_blocked, id=26016, stack(0x0000004bb6800000,0x0000004bb6900000)]
  0x0000015d7f2835c0 JavaThread "Attach Listener" daemon [_thread_blocked, id=34000, stack(0x0000004bb6900000,0x0000004bb6a00000)]
  0x0000015d7f284780 JavaThread "Service Thread" daemon [_thread_blocked, id=27592, stack(0x0000004bb6a00000,0x0000004bb6b00000)]
  0x0000015d7f2851a0 JavaThread "Monitor Deflation Thread" daemon [_thread_blocked, id=8284, stack(0x0000004bb6b00000,0x0000004bb6c00000)]
=>0x0000015d7f286c30 JavaThread "C2 CompilerThread0" daemon [_thread_in_native, id=26140, stack(0x0000004bb6c00000,0x0000004bb6d00000)]
  0x0000015d7f290650 JavaThread "C1 CompilerThread0" daemon [_thread_blocked, id=36396, stack(0x0000004bb6d00000,0x0000004bb6e00000)]
  0x0000015d7f2a10c0 JavaThread "Sweeper thread" daemon [_thread_blocked, id=5632, stack(0x0000004bb6e00000,0x0000004bb6f00000)]
  0x0000015d1f0f1e30 JavaThread "Common-Cleaner" daemon [_thread_blocked, id=29308, stack(0x0000004bb6f00000,0x0000004bb7000000)]
  0x0000015d1f0efe50 JavaThread "Monitor Ctrl-Break" daemon [_thread_in_native, id=29960, stack(0x0000004bb7000000,0x0000004bb7100000)]
  0x0000015d1f0f03a0 JavaThread "Notification Thread" daemon [_thread_blocked, id=32000, stack(0x0000004bb7100000,0x0000004bb7200000)]
  0x0000015d1f0ef900 JavaThread "Catalina-utility-1" [_thread_blocked, id=38184, stack(0x0000004bb7d00000,0x0000004bb7e00000)]
  0x0000015d1f0f1390 JavaThread "Catalina-utility-2" [_thread_blocked, id=39464, stack(0x0000004bb7e00000,0x0000004bb7f00000)]
  0x0000015d1f0f08f0 JavaThread "container-0" [_thread_blocked, id=37964, stack(0x0000004bb7f00000,0x0000004bb8000000)]
  0x0000015d1f0f18e0 JavaThread "mysql-cj-abandoned-connection-cleanup" daemon [_thread_blocked, id=6580, stack(0x0000004bb8000000,0x0000004bb8100000)]
  0x0000015d1f0eee60 JavaThread "HikariPool-1:housekeeper" daemon [_thread_blocked, id=30104, stack(0x0000004bb7b00000,0x0000004bb7c00000)]
  0x0000015d21b38380 JavaThread "http-nio-8080-exec-1" daemon [_thread_blocked, id=26088, stack(0x0000004bb8300000,0x0000004bb8400000)]
  0x0000015d21b388d0 JavaThread "http-nio-8080-exec-2" daemon [_thread_blocked, id=24508, stack(0x0000004bb8400000,0x0000004bb8500000)]
  0x0000015d21b378e0 JavaThread "http-nio-8080-exec-3" daemon [_thread_blocked, id=35412, stack(0x0000004bb8500000,0x0000004bb8600000)]
  0x0000015d21b35e50 JavaThread "http-nio-8080-exec-4" daemon [_thread_blocked, id=35064, stack(0x0000004bb8600000,0x0000004bb8700000)]
  0x0000015d21b38e20 JavaThread "http-nio-8080-exec-5" daemon [_thread_blocked, id=26856, stack(0x0000004bb8700000,0x0000004bb8800000)]
  0x0000015d21b353b0 JavaThread "http-nio-8080-exec-6" daemon [_thread_blocked, id=21780, stack(0x0000004bb8800000,0x0000004bb8900000)]
  0x0000015d21b39370 JavaThread "http-nio-8080-exec-7" daemon [_thread_blocked, id=25392, stack(0x0000004bb8900000,0x0000004bb8a00000)]
  0x0000015d21b368f0 JavaThread "http-nio-8080-exec-8" daemon [_thread_blocked, id=25636, stack(0x0000004bb8a00000,0x0000004bb8b00000)]
  0x0000015d21b36e40 JavaThread "http-nio-8080-exec-9" daemon [_thread_blocked, id=37816, stack(0x0000004bb8b00000,0x0000004bb8c00000)]
  0x0000015d21b37390 JavaThread "http-nio-8080-exec-10" daemon [_thread_blocked, id=37364, stack(0x0000004bb8c00000,0x0000004bb8d00000)]
  0x0000015d21b35900 JavaThread "http-nio-8080-Poller" daemon [_thread_in_native, id=28388, stack(0x0000004bb8d00000,0x0000004bb8e00000)]
  0x0000015d21b37e30 JavaThread "http-nio-8080-Acceptor" daemon [_thread_in_native, id=20020, stack(0x0000004bb8e00000,0x0000004bb8f00000)]
  0x0000015d21b398c0 JavaThread "DestroyJavaVM" [_thread_blocked, id=38284, stack(0x0000004bb5f00000,0x0000004bb6000000)]

Other Threads:
  0x0000015d7f25ed40 VMThread "VM Thread" [stack: 0x0000004bb6500000,0x0000004bb6600000] [id=26392]
  0x0000015d1f59ad20 WatcherThread "VM Periodic Task Thread" [stack: 0x0000004bb7200000,0x0000004bb7300000] [id=29992]
  0x0000015d79c511a0 WorkerThread "GC Thread#0" [stack: 0x0000004bb6000000,0x0000004bb6100000] [id=20560]
  0x0000015d1f67e5a0 WorkerThread "GC Thread#1" [stack: 0x0000004bb7300000,0x0000004bb7400000] [id=37072]
  0x0000015d1ff627e0 WorkerThread "GC Thread#2" [stack: 0x0000004bb7400000,0x0000004bb7500000] [id=39732]
  0x0000015d1ff62510 WorkerThread "GC Thread#3" [stack: 0x0000004bb7500000,0x0000004bb7600000] [id=38308]
  0x0000015d1ff62240 WorkerThread "GC Thread#4" [stack: 0x0000004bb7600000,0x0000004bb7700000] [id=7140]
  0x0000015d1ff61160 WorkerThread "GC Thread#5" [stack: 0x0000004bb7700000,0x0000004bb7800000] [id=10864]
  0x0000015d1ff61f70 WorkerThread "GC Thread#6" [stack: 0x0000004bb7800000,0x0000004bb7900000] [id=15244]
  0x0000015d1ff61430 WorkerThread "GC Thread#7" [stack: 0x0000004bb7900000,0x0000004bb7a00000] [id=4272]
  0x0000015d79c64710 ConcurrentGCThread "G1 Main Marker" [stack: 0x0000004bb6100000,0x0000004bb6200000] [id=28740]
  0x0000015d79c657e0 WorkerThread "G1 Conc#0" [stack: 0x0000004bb6200000,0x0000004bb6300000] [id=11212]
  0x0000015d1ff61ca0 WorkerThread "G1 Conc#1" [stack: 0x0000004bb7c00000,0x0000004bb7d00000] [id=30220]
  0x0000015d7f117890 ConcurrentGCThread "G1 Refine#0" [stack: 0x0000004bb6300000,0x0000004bb6400000] [id=37052]
  0x0000015d7f118080 ConcurrentGCThread "G1 Service" [stack: 0x0000004bb6400000,0x0000004bb6500000] [id=5360]

Threads with active compile tasks:
C2 CompilerThread0  7523880 7813   !   4       jdk.internal.loader.BuiltinClassLoader::findResource (154 bytes)

VM state: not at safepoint (normal execution)

VM Mutex/Monitor currently owned by a thread: None

Heap address: 0x0000000084200000, size: 1982 MB, Compressed Oops mode: 32-bit

CDS archive(s) mapped at: [0x0000000800000000-0x0000000800c30000-0x0000000800c30000), size 12779520, SharedBaseAddress: 0x0000000800000000, ArchiveRelocationMode: 0.
Compressed class space mapped at: 0x0000000801000000-0x0000000841000000, reserved size: 1073741824
Narrow klass base: 0x0000000800000000, Narrow klass shift: 0, Narrow klass range: 0x100000000

GC Precious Log:
 CardTable entry size: 512
 Card Set container configuration: InlinePtr #cards 5 size 8 Array Of Cards #cards 12 size 40 Howl #buckets 4 coarsen threshold 1843 Howl Bitmap #cards 512 size 80 coarsen threshold 460 Card regions per heap region 1 cards per card region 2048
 CPUs: 8 total, 8 available
 Memory: 7926M
 Large Page Support: Disabled
 NUMA Support: Disabled
 Compressed Oops: Enabled (32-bit)
 Heap Region Size: 1M
 Heap Min Capacity: 8M
 Heap Initial Capacity: 124M
 Heap Max Capacity: 1982M
 Pre-touch: Disabled
 Parallel Workers: 8
 Concurrent Workers: 2
 Concurrent Refinement Workers: 8
 Periodic GC: Disabled

Heap:
 garbage-first heap   total 96256K, used 67837K [0x0000000084200000, 0x0000000100000000)
  region size 1024K, 40 young (40960K), 4 survivors (4096K)
 Metaspace       used 83437K, committed 84160K, reserved 1179648K
  class space    used 11251K, committed 11584K, reserved 1048576K

Heap Regions: E=young(eden), S=young(survivor), O=old, HS=humongous(starts), HC=humongous(continues), CS=collection set, F=free, OA=open archive, CA=closed archive, TAMS=top-at-mark-start (previous, next)
|   0|0x0000000084200000, 0x0000000084300000, 0x0000000084300000|100%|HS|  |TAMS 0x0000000084300000, 0x0000000084200000| Complete 
|   1|0x0000000084300000, 0x0000000084400000, 0x0000000084400000|100%|HS|  |TAMS 0x0000000084400000, 0x0000000084300000| Complete 
|   2|0x0000000084400000, 0x0000000084500000, 0x0000000084500000|100%| O|  |TAMS 0x0000000084500000, 0x0000000084400000| Untracked 
|   3|0x0000000084500000, 0x0000000084600000, 0x0000000084600000|100%| O|  |TAMS 0x0000000084600000, 0x0000000084500000| Untracked 
|   4|0x0000000084600000, 0x0000000084700000, 0x0000000084700000|100%| O|  |TAMS 0x0000000084700000, 0x0000000084600000| Untracked 
|   5|0x0000000084700000, 0x0000000084800000, 0x0000000084800000|100%| O|  |TAMS 0x0000000084800000, 0x0000000084700000| Untracked 
|   6|0x0000000084800000, 0x0000000084900000, 0x0000000084900000|100%| O|  |TAMS 0x0000000084900000, 0x0000000084800000| Untracked 
|   7|0x0000000084900000, 0x00000000849e4000, 0x0000000084a00000| 89%| O|  |TAMS 0x00000000849e4000, 0x0000000084900000| Untracked 
|   8|0x0000000084a00000, 0x0000000084b00000, 0x0000000084b00000|100%| O|  |TAMS 0x0000000084b00000, 0x0000000084a00000| Untracked 
|   9|0x0000000084b00000, 0x0000000084c00000, 0x0000000084c00000|100%| O|  |TAMS 0x0000000084c00000, 0x0000000084b00000| Untracked 
|  10|0x0000000084c00000, 0x0000000084d00000, 0x0000000084d00000|100%| O|  |TAMS 0x0000000084d00000, 0x0000000084c00000| Untracked 
|  11|0x0000000084d00000, 0x0000000084e00000, 0x0000000084e00000|100%| O|  |TAMS 0x0000000084e00000, 0x0000000084d00000| Untracked 
|  12|0x0000000084e00000, 0x0000000084f00000, 0x0000000084f00000|100%| O|  |TAMS 0x0000000084f00000, 0x0000000084e00000| Untracked 
|  13|0x0000000084f00000, 0x0000000085000000, 0x0000000085000000|100%| O|  |TAMS 0x0000000085000000, 0x0000000084f00000| Untracked 
|  14|0x0000000085000000, 0x0000000085100000, 0x0000000085100000|100%| O|  |TAMS 0x0000000085100000, 0x0000000085000000| Untracked 
|  15|0x0000000085100000, 0x0000000085200000, 0x0000000085200000|100%| O|  |TAMS 0x0000000085100000, 0x0000000085100000| Untracked 
|  16|0x0000000085200000, 0x0000000085300000, 0x0000000085300000|100%| O|  |TAMS 0x0000000085300000, 0x0000000085200000| Untracked 
|  17|0x0000000085300000, 0x0000000085400000, 0x0000000085400000|100%| O|  |TAMS 0x0000000085400000, 0x0000000085300000| Untracked 
|  18|0x0000000085400000, 0x0000000085500000, 0x0000000085500000|100%| O|  |TAMS 0x0000000085500000, 0x0000000085400000| Untracked 
|  19|0x0000000085500000, 0x0000000085600000, 0x0000000085600000|100%| O|  |TAMS 0x0000000085600000, 0x0000000085500000| Untracked 
|  20|0x0000000085600000, 0x0000000085700000, 0x0000000085700000|100%| O|  |TAMS 0x0000000085700000, 0x0000000085600000| Untracked 
|  21|0x0000000085700000, 0x0000000085700000, 0x0000000085800000|  0%| F|  |TAMS 0x0000000085700000, 0x0000000085700000| Untracked 
|  22|0x0000000085800000, 0x0000000085900000, 0x0000000085900000|100%| O|  |TAMS 0x0000000085800000, 0x0000000085800000| Untracked 
|  23|0x0000000085900000, 0x0000000085a00000, 0x0000000085a00000|100%| O|  |TAMS 0x0000000085900000, 0x0000000085900000| Untracked 
|  24|0x0000000085a00000, 0x0000000085b00000, 0x0000000085b00000|100%| O|  |TAMS 0x0000000085a00000, 0x0000000085a00000| Untracked 
|  25|0x0000000085b00000, 0x0000000085c00000, 0x0000000085c00000|100%| O|  |TAMS 0x0000000085b00000, 0x0000000085b00000| Untracked 
|  26|0x0000000085c00000, 0x0000000085d00000, 0x0000000085d00000|100%| O|  |TAMS 0x0000000085c00000, 0x0000000085c00000| Untracked 
|  27|0x0000000085d00000, 0x0000000085e00000, 0x0000000085e00000|100%| O|  |TAMS 0x0000000085d00000, 0x0000000085d00000| Untracked 
|  28|0x0000000085e00000, 0x0000000085ee8e00, 0x0000000085f00000| 90%| O|  |TAMS 0x0000000085e00000, 0x0000000085e00000| Untracked 
|  29|0x0000000085f00000, 0x0000000085f00000, 0x0000000086000000|  0%| F|  |TAMS 0x0000000085f00000, 0x0000000085f00000| Untracked 
|  30|0x0000000086000000, 0x0000000086000000, 0x0000000086100000|  0%| F|  |TAMS 0x0000000086000000, 0x0000000086000000| Untracked 
|  31|0x0000000086100000, 0x0000000086100000, 0x0000000086200000|  0%| F|  |TAMS 0x0000000086100000, 0x0000000086100000| Untracked 
|  32|0x0000000086200000, 0x0000000086200000, 0x0000000086300000|  0%| F|  |TAMS 0x0000000086200000, 0x0000000086200000| Untracked 
|  33|0x0000000086300000, 0x0000000086300000, 0x0000000086400000|  0%| F|  |TAMS 0x0000000086300000, 0x0000000086300000| Untracked 
|  34|0x0000000086400000, 0x0000000086400000, 0x0000000086500000|  0%| F|  |TAMS 0x0000000086400000, 0x0000000086400000| Untracked 
|  35|0x0000000086500000, 0x0000000086500000, 0x0000000086600000|  0%| F|  |TAMS 0x0000000086500000, 0x0000000086500000| Untracked 
|  36|0x0000000086600000, 0x0000000086600000, 0x0000000086700000|  0%| F|  |TAMS 0x0000000086600000, 0x0000000086600000| Untracked 
|  37|0x0000000086700000, 0x0000000086700000, 0x0000000086800000|  0%| F|  |TAMS 0x0000000086700000, 0x0000000086700000| Untracked 
|  38|0x0000000086800000, 0x0000000086800000, 0x0000000086900000|  0%| F|  |TAMS 0x0000000086800000, 0x0000000086800000| Untracked 
|  39|0x0000000086900000, 0x0000000086900000, 0x0000000086a00000|  0%| F|  |TAMS 0x0000000086900000, 0x0000000086900000| Untracked 
|  40|0x0000000086a00000, 0x0000000086a00000, 0x0000000086b00000|  0%| F|  |TAMS 0x0000000086a00000, 0x0000000086a00000| Untracked 
|  41|0x0000000086b00000, 0x0000000086b00000, 0x0000000086c00000|  0%| F|  |TAMS 0x0000000086b00000, 0x0000000086b00000| Untracked 
|  42|0x0000000086c00000, 0x0000000086c00000, 0x0000000086d00000|  0%| F|  |TAMS 0x0000000086c00000, 0x0000000086c00000| Untracked 
|  43|0x0000000086d00000, 0x0000000086d00000, 0x0000000086e00000|  0%| F|  |TAMS 0x0000000086d00000, 0x0000000086d00000| Untracked 
|  44|0x0000000086e00000, 0x0000000086e00000, 0x0000000086f00000|  0%| F|  |TAMS 0x0000000086e00000, 0x0000000086e00000| Untracked 
|  45|0x0000000086f00000, 0x0000000086f72920, 0x0000000087000000| 44%| S|CS|TAMS 0x0000000086f00000, 0x0000000086f00000| Complete 
|  46|0x0000000087000000, 0x0000000087100000, 0x0000000087100000|100%| S|CS|TAMS 0x0000000087000000, 0x0000000087000000| Complete 
|  47|0x0000000087100000, 0x0000000087200000, 0x0000000087200000|100%| S|CS|TAMS 0x0000000087100000, 0x0000000087100000| Complete 
|  48|0x0000000087200000, 0x0000000087300000, 0x0000000087300000|100%| S|CS|TAMS 0x0000000087200000, 0x0000000087200000| Complete 
|  49|0x0000000087300000, 0x0000000087300000, 0x0000000087400000|  0%| F|  |TAMS 0x0000000087300000, 0x0000000087300000| Untracked 
|  50|0x0000000087400000, 0x0000000087400000, 0x0000000087500000|  0%| F|  |TAMS 0x0000000087400000, 0x0000000087400000| Untracked 
|  51|0x0000000087500000, 0x0000000087500000, 0x0000000087600000|  0%| F|  |TAMS 0x0000000087500000, 0x0000000087500000| Untracked 
|  52|0x0000000087600000, 0x0000000087600000, 0x0000000087700000|  0%| F|  |TAMS 0x0000000087600000, 0x0000000087600000| Untracked 
|  53|0x0000000087700000, 0x0000000087700000, 0x0000000087800000|  0%| F|  |TAMS 0x0000000087700000, 0x0000000087700000| Untracked 
|  54|0x0000000087800000, 0x0000000087800000, 0x0000000087900000|  0%| F|  |TAMS 0x0000000087800000, 0x0000000087800000| Untracked 
|  55|0x0000000087900000, 0x0000000087900000, 0x0000000087a00000|  0%| F|  |TAMS 0x0000000087900000, 0x0000000087900000| Untracked 
|  56|0x0000000087a00000, 0x0000000087a00000, 0x0000000087b00000|  0%| F|  |TAMS 0x0000000087a00000, 0x0000000087a00000| Untracked 
|  57|0x0000000087b00000, 0x0000000087b00000, 0x0000000087c00000|  0%| F|  |TAMS 0x0000000087b00000, 0x0000000087b00000| Untracked 
|  58|0x0000000087c00000, 0x0000000087cca220, 0x0000000087d00000| 78%| E|  |TAMS 0x0000000087c00000, 0x0000000087c00000| Complete 
|  59|0x0000000087d00000, 0x0000000087e00000, 0x0000000087e00000|100%| E|CS|TAMS 0x0000000087d00000, 0x0000000087d00000| Complete 
|  60|0x0000000087e00000, 0x0000000087f00000, 0x0000000087f00000|100%| E|CS|TAMS 0x0000000087e00000, 0x0000000087e00000| Complete 
|  61|0x0000000087f00000, 0x0000000088000000, 0x0000000088000000|100%| E|CS|TAMS 0x0000000087f00000, 0x0000000087f00000| Complete 
|  62|0x0000000088000000, 0x0000000088100000, 0x0000000088100000|100%| E|CS|TAMS 0x0000000088000000, 0x0000000088000000| Complete 
|  63|0x0000000088100000, 0x0000000088200000, 0x0000000088200000|100%| E|CS|TAMS 0x0000000088100000, 0x0000000088100000| Complete 
|  64|0x0000000088200000, 0x0000000088300000, 0x0000000088300000|100%| E|CS|TAMS 0x0000000088200000, 0x0000000088200000| Complete 
|  65|0x0000000088300000, 0x0000000088400000, 0x0000000088400000|100%| E|CS|TAMS 0x0000000088300000, 0x0000000088300000| Complete 
|  66|0x0000000088400000, 0x0000000088500000, 0x0000000088500000|100%| E|CS|TAMS 0x0000000088400000, 0x0000000088400000| Complete 
|  67|0x0000000088500000, 0x0000000088600000, 0x0000000088600000|100%| E|CS|TAMS 0x0000000088500000, 0x0000000088500000| Complete 
|  68|0x0000000088600000, 0x0000000088700000, 0x0000000088700000|100%| E|CS|TAMS 0x0000000088600000, 0x0000000088600000| Complete 
|  69|0x0000000088700000, 0x0000000088800000, 0x0000000088800000|100%| E|CS|TAMS 0x0000000088700000, 0x0000000088700000| Complete 
|  70|0x0000000088800000, 0x0000000088900000, 0x0000000088900000|100%| E|CS|TAMS 0x0000000088800000, 0x0000000088800000| Complete 
|  71|0x0000000088900000, 0x0000000088a00000, 0x0000000088a00000|100%| E|CS|TAMS 0x0000000088900000, 0x0000000088900000| Complete 
|  72|0x0000000088a00000, 0x0000000088b00000, 0x0000000088b00000|100%| E|CS|TAMS 0x0000000088a00000, 0x0000000088a00000| Complete 
|  73|0x0000000088b00000, 0x0000000088c00000, 0x0000000088c00000|100%| E|CS|TAMS 0x0000000088b00000, 0x0000000088b00000| Complete 
|  74|0x0000000088c00000, 0x0000000088d00000, 0x0000000088d00000|100%| E|CS|TAMS 0x0000000088c00000, 0x0000000088c00000| Complete 
|  75|0x0000000088d00000, 0x0000000088e00000, 0x0000000088e00000|100%| E|CS|TAMS 0x0000000088d00000, 0x0000000088d00000| Complete 
|  76|0x0000000088e00000, 0x0000000088f00000, 0x0000000088f00000|100%| E|CS|TAMS 0x0000000088e00000, 0x0000000088e00000| Complete 
|  77|0x0000000088f00000, 0x0000000089000000, 0x0000000089000000|100%| E|CS|TAMS 0x0000000088f00000, 0x0000000088f00000| Complete 
|  78|0x0000000089000000, 0x0000000089100000, 0x0000000089100000|100%| E|CS|TAMS 0x0000000089000000, 0x0000000089000000| Complete 
|  79|0x0000000089100000, 0x0000000089200000, 0x0000000089200000|100%| E|CS|TAMS 0x0000000089100000, 0x0000000089100000| Complete 
|  80|0x0000000089200000, 0x0000000089300000, 0x0000000089300000|100%| E|CS|TAMS 0x0000000089200000, 0x0000000089200000| Complete 
|  81|0x0000000089300000, 0x0000000089400000, 0x0000000089400000|100%| E|CS|TAMS 0x0000000089300000, 0x0000000089300000| Complete 
|  82|0x0000000089400000, 0x0000000089500000, 0x0000000089500000|100%| E|CS|TAMS 0x0000000089400000, 0x0000000089400000| Complete 
|  83|0x0000000089500000, 0x0000000089600000, 0x0000000089600000|100%| E|CS|TAMS 0x0000000089500000, 0x0000000089500000| Complete 
|  84|0x0000000089600000, 0x0000000089700000, 0x0000000089700000|100%| E|CS|TAMS 0x0000000089600000, 0x0000000089600000| Complete 
|  85|0x0000000089700000, 0x0000000089800000, 0x0000000089800000|100%| E|CS|TAMS 0x0000000089700000, 0x0000000089700000| Complete 
|  86|0x0000000089800000, 0x0000000089900000, 0x0000000089900000|100%| E|CS|TAMS 0x0000000089800000, 0x0000000089800000| Complete 
|  87|0x0000000089900000, 0x0000000089a00000, 0x0000000089a00000|100%| E|CS|TAMS 0x0000000089900000, 0x0000000089900000| Complete 
|  88|0x0000000089a00000, 0x0000000089b00000, 0x0000000089b00000|100%| E|CS|TAMS 0x0000000089a00000, 0x0000000089a00000| Complete 
|  89|0x0000000089b00000, 0x0000000089c00000, 0x0000000089c00000|100%| E|CS|TAMS 0x0000000089b00000, 0x0000000089b00000| Complete 
|  90|0x0000000089c00000, 0x0000000089d00000, 0x0000000089d00000|100%| E|CS|TAMS 0x0000000089c00000, 0x0000000089c00000| Complete 
|  91|0x0000000089d00000, 0x0000000089e00000, 0x0000000089e00000|100%| E|CS|TAMS 0x0000000089d00000, 0x0000000089d00000| Complete 
| 122|0x000000008bc00000, 0x000000008bd00000, 0x000000008bd00000|100%| E|CS|TAMS 0x000000008bc00000, 0x000000008bc00000| Complete 
| 123|0x000000008bd00000, 0x000000008be00000, 0x000000008be00000|100%| E|CS|TAMS 0x000000008bd00000, 0x000000008bd00000| Complete 

Card table byte_map: [0x0000015d7c0f0000,0x0000015d7c4d0000] _byte_map_base: 0x0000015d7bccf000

Marking Bits (Prev, Next): (CMBitMap*) 0x0000015d79c53720, (CMBitMap*) 0x0000015d79c536e0
 Prev Bits: [0x0000015d16e90000, 0x0000015d18d88000)
 Next Bits: [0x0000015d7c8b0000, 0x0000015d7e7a8000)

Polling page: 0x0000015d797b0000

Metaspace:

Usage:
  Non-class:     70.49 MB used.
      Class:     10.99 MB used.
       Both:     81.48 MB used.

Virtual space:
  Non-class space:      128.00 MB reserved,      70.88 MB ( 55%) committed,  2 nodes.
      Class space:        1.00 GB reserved,      11.31 MB (  1%) committed,  1 nodes.
             Both:        1.12 GB reserved,      82.19 MB (  7%) committed. 

Chunk freelists:
   Non-Class:  1007.00 KB
       Class:  528.00 KB
        Both:  1.50 MB

MaxMetaspaceSize: unlimited
CompressedClassSpaceSize: 1.00 GB
Initial GC threshold: 21.00 MB
Current GC threshold: 99.00 MB
CDS: on
MetaspaceReclaimPolicy: balanced
 - commit_granule_bytes: 65536.
 - commit_granule_words: 8192.
 - virtual_space_node_default_size: 8388608.
 - enlarge_chunks_in_place: 1.
 - new_chunks_are_fully_committed: 0.
 - uncommit_free_chunks: 1.
 - use_allocation_guard: 0.


Internal statistics:

num_allocs_failed_limit: 9.
num_arena_births: 1050.
num_arena_deaths: 0.
num_vsnodes_births: 3.
num_vsnodes_deaths: 0.
num_space_committed: 1315.
num_space_uncommitted: 0.
num_chunks_returned_to_freelist: 9.
num_chunks_taken_from_freelist: 3869.
num_chunk_merges: 6.
num_chunk_splits: 2916.
num_chunks_enlarged: 2429.
num_inconsistent_stats: 0.

CodeHeap 'non-profiled nmethods': size=120000Kb used=4705Kb max_used=4705Kb free=115295Kb
 bounds [0x0000015d0f960000, 0x0000015d0fe00000, 0x0000015d16e90000]
CodeHeap 'profiled nmethods': size=120000Kb used=13362Kb max_used=13362Kb free=106637Kb
 bounds [0x0000015d07e90000, 0x0000015d08ba0000, 0x0000015d0f3c0000]
CodeHeap 'non-nmethods': size=5760Kb used=1503Kb max_used=1548Kb free=4256Kb
 bounds [0x0000015d0f3c0000, 0x0000015d0f630000, 0x0000015d0f960000]
 total_blobs=7646 nmethods=6896 adapters=658
 compilation: enabled
              stopped_count=0, restarted_count=0
 full_count=0

Compilation events (20 events):
Event: 7387.452 Thread 0x0000015d7f290650 nmethod 7803 0x0000015d08b98610 code [0x0000015d08b98860, 0x0000015d08b99568]
Event: 7388.102 Thread 0x0000015d7f290650 7804       3       sun.security.ssl.ProtocolVersion::values (10 bytes)
Event: 7388.112 Thread 0x0000015d7f290650 nmethod 7804 0x0000015d08b99890 code [0x0000015d08b99a40, 0x0000015d08b99ce8]
Event: 7388.112 Thread 0x0000015d7f290650 7805       3       sun.security.ec.point.AffinePoint::<init> (15 bytes)
Event: 7388.187 Thread 0x0000015d7f290650 nmethod 7805 0x0000015d08b99d90 code [0x0000015d08b99f40, 0x0000015d08b9a158]
Event: 7388.442 Thread 0x0000015d7f290650 7806       3       sun.security.ssl.Record::getBytes16 (22 bytes)
Event: 7388.449 Thread 0x0000015d7f290650 nmethod 7806 0x0000015d08b9a210 code [0x0000015d08b9a440, 0x0000015d08b9ae08]
Event: 7388.825 Thread 0x0000015d7f286c30 7807       4       java.util.stream.AbstractPipeline::evaluate (94 bytes)
Event: 7389.144 Thread 0x0000015d7f286c30 nmethod 7807 0x0000015d0fdf7790 code [0x0000015d0fdf7920, 0x0000015d0fdf7b18]
Event: 7440.988 Thread 0x0000015d7f290650 7808       3       java.util.concurrent.CopyOnWriteArrayList::indexOfRange (63 bytes)
Event: 7440.989 Thread 0x0000015d7f290650 nmethod 7808 0x0000015d08b9b110 code [0x0000015d08b9b300, 0x0000015d08b9b7a8]
Event: 7441.380 Thread 0x0000015d7f286c30 7809       4       java.util.stream.ReferencePipeline::filter (22 bytes)
Event: 7441.453 Thread 0x0000015d7f290650 7810       3       sun.security.ec.ECOperations::getField (10 bytes)
Event: 7441.621 Thread 0x0000015d7f290650 nmethod 7810 0x0000015d08b9b990 code [0x0000015d08b9bb40, 0x0000015d08b9bd38]
Event: 7441.621 Thread 0x0000015d7f290650 7811       3       sun.security.util.math.intpoly.IntegerPolynomial$Element::asByteArray (30 bytes)
Event: 7441.625 Thread 0x0000015d7f290650 nmethod 7811 0x0000015d08b9be10 code [0x0000015d08b9bfe0, 0x0000015d08b9c3f8]
Event: 7441.626 Thread 0x0000015d7f290650 7812       3       sun.security.ssl.HandshakeOutStream::putInt8 (13 bytes)
Event: 7441.628 Thread 0x0000015d7f286c30 nmethod 7809 0x0000015d0fdf7d10 code [0x0000015d0fdf7ea0, 0x0000015d0fdf8278]
Event: 7441.628 Thread 0x0000015d7f290650 nmethod 7812 0x0000015d08b9c590 code [0x0000015d08b9c760, 0x0000015d08b9ca58]
Event: 7518.669 Thread 0x0000015d7f286c30 7813   !   4       jdk.internal.loader.BuiltinClassLoader::findResource (154 bytes)

GC Heap History (20 events):
Event: 9.170 GC heap before
{Heap before GC invocations=6 (full 0):
 garbage-first heap   total 51200K, used 35883K [0x0000000084200000, 0x0000000100000000)
  region size 1024K, 21 young (21504K), 1 survivors (1024K)
 Metaspace       used 29248K, committed 29824K, reserved 1114112K
  class space    used 3728K, committed 4032K, reserved 1048576K
}
Event: 9.179 GC heap after
{Heap after GC invocations=7 (full 0):
 garbage-first heap   total 51200K, used 17267K [0x0000000084200000, 0x0000000100000000)
  region size 1024K, 3 young (3072K), 3 survivors (3072K)
 Metaspace       used 29248K, committed 29824K, reserved 1114112K
  class space    used 3728K, committed 4032K, reserved 1048576K
}
Event: 10.277 GC heap before
{Heap before GC invocations=7 (full 0):
 garbage-first heap   total 51200K, used 35699K [0x0000000084200000, 0x0000000100000000)
  region size 1024K, 22 young (22528K), 3 survivors (3072K)
 Metaspace       used 34088K, committed 34688K, reserved 1114112K
  class space    used 4271K, committed 4544K, reserved 1048576K
}
Event: 10.282 GC heap after
{Heap after GC invocations=8 (full 0):
 garbage-first heap   total 51200K, used 18991K [0x0000000084200000, 0x0000000100000000)
  region size 1024K, 2 young (2048K), 2 survivors (2048K)
 Metaspace       used 34088K, committed 34688K, reserved 1114112K
  class space    used 4271K, committed 4544K, reserved 1048576K
}
Event: 10.505 GC heap before
{Heap before GC invocations=8 (full 0):
 garbage-first heap   total 51200K, used 23087K [0x0000000084200000, 0x0000000100000000)
  region size 1024K, 7 young (7168K), 2 survivors (2048K)
 Metaspace       used 35581K, committed 36096K, reserved 1114112K
  class space    used 4470K, committed 4736K, reserved 1048576K
}
Event: 10.508 GC heap after
{Heap after GC invocations=9 (full 0):
 garbage-first heap   total 51200K, used 19472K [0x0000000084200000, 0x0000000100000000)
  region size 1024K, 1 young (1024K), 1 survivors (1024K)
 Metaspace       used 35581K, committed 36096K, reserved 1114112K
  class space    used 4470K, committed 4736K, reserved 1048576K
}
Event: 11.352 GC heap before
{Heap before GC invocations=10 (full 0):
 garbage-first heap   total 51200K, used 38928K [0x0000000084200000, 0x0000000100000000)
  region size 1024K, 20 young (20480K), 1 survivors (1024K)
 Metaspace       used 40074K, committed 40704K, reserved 1114112K
  class space    used 5357K, committed 5632K, reserved 1048576K
}
Event: 11.356 GC heap after
{Heap after GC invocations=11 (full 0):
 garbage-first heap   total 51200K, used 20808K [0x0000000084200000, 0x0000000100000000)
  region size 1024K, 2 young (2048K), 2 survivors (2048K)
 Metaspace       used 40074K, committed 40704K, reserved 1114112K
  class space    used 5357K, committed 5632K, reserved 1048576K
}
Event: 11.400 GC heap before
{Heap before GC invocations=11 (full 0):
 garbage-first heap   total 51200K, used 21832K [0x0000000084200000, 0x0000000100000000)
  region size 1024K, 3 young (3072K), 2 survivors (2048K)
 Metaspace       used 40305K, committed 40960K, reserved 1114112K
  class space    used 5407K, committed 5696K, reserved 1048576K
}
Event: 11.404 GC heap after
{Heap after GC invocations=12 (full 0):
 garbage-first heap   total 51200K, used 20931K [0x0000000084200000, 0x0000000100000000)
  region size 1024K, 1 young (1024K), 1 survivors (1024K)
 Metaspace       used 40305K, committed 40960K, reserved 1114112K
  class space    used 5407K, committed 5696K, reserved 1048576K
}
Event: 12.695 GC heap before
{Heap before GC invocations=12 (full 0):
 garbage-first heap   total 51200K, used 37315K [0x0000000084200000, 0x0000000100000000)
  region size 1024K, 18 young (18432K), 1 survivors (1024K)
 Metaspace       used 49092K, committed 49728K, reserved 1114112K
  class space    used 6423K, committed 6720K, reserved 1048576K
}
Event: 12.699 GC heap after
{Heap after GC invocations=13 (full 0):
 garbage-first heap   total 102400K, used 22757K [0x0000000084200000, 0x0000000100000000)
  region size 1024K, 3 young (3072K), 3 survivors (3072K)
 Metaspace       used 49092K, committed 49728K, reserved 1114112K
  class space    used 6423K, committed 6720K, reserved 1048576K
}
Event: 14.265 GC heap before
{Heap before GC invocations=13 (full 0):
 garbage-first heap   total 102400K, used 60645K [0x0000000084200000, 0x0000000100000000)
  region size 1024K, 41 young (41984K), 3 survivors (3072K)
 Metaspace       used 60078K, committed 60608K, reserved 1114112K
  class space    used 7856K, committed 8128K, reserved 1048576K
}
Event: 14.271 GC heap after
{Heap after GC invocations=14 (full 0):
 garbage-first heap   total 102400K, used 24793K [0x0000000084200000, 0x0000000100000000)
  region size 1024K, 5 young (5120K), 5 survivors (5120K)
 Metaspace       used 60078K, committed 60608K, reserved 1114112K
  class space    used 7856K, committed 8128K, reserved 1048576K
}
Event: 16.347 GC heap before
{Heap before GC invocations=15 (full 0):
 garbage-first heap   total 96256K, used 75993K [0x0000000084200000, 0x0000000100000000)
  region size 1024K, 55 young (56320K), 5 survivors (5120K)
 Metaspace       used 70467K, committed 71104K, reserved 1114112K
  class space    used 9391K, committed 9664K, reserved 1048576K
}
Event: 16.357 GC heap after
{Heap after GC invocations=16 (full 0):
 garbage-first heap   total 96256K, used 28777K [0x0000000084200000, 0x0000000100000000)
  region size 1024K, 6 young (6144K), 6 survivors (6144K)
 Metaspace       used 70467K, committed 71104K, reserved 1114112K
  class space    used 9391K, committed 9664K, reserved 1048576K
}
Event: 16.386 GC heap before
{Heap before GC invocations=16 (full 0):
 garbage-first heap   total 96256K, used 29801K [0x0000000084200000, 0x0000000100000000)
  region size 1024K, 7 young (7168K), 6 survivors (6144K)
 Metaspace       used 70659K, committed 71296K, reserved 1114112K
  class space    used 9417K, committed 9728K, reserved 1048576K
}
Event: 16.392 GC heap after
{Heap after GC invocations=17 (full 0):
 garbage-first heap   total 96256K, used 29238K [0x0000000084200000, 0x0000000100000000)
  region size 1024K, 1 young (1024K), 1 survivors (1024K)
 Metaspace       used 70659K, committed 71296K, reserved 1114112K
  class space    used 9417K, committed 9728K, reserved 1048576K
}
Event: 118.902 GC heap before
{Heap before GC invocations=17 (full 0):
 garbage-first heap   total 96256K, used 73270K [0x0000000084200000, 0x0000000100000000)
  region size 1024K, 45 young (46080K), 1 survivors (1024K)
 Metaspace       used 81561K, committed 82240K, reserved 1179648K
  class space    used 11092K, committed 11392K, reserved 1048576K
}
Event: 118.934 GC heap after
{Heap after GC invocations=18 (full 0):
 garbage-first heap   total 96256K, used 31997K [0x0000000084200000, 0x0000000100000000)
  region size 1024K, 4 young (4096K), 4 survivors (4096K)
 Metaspace       used 81561K, committed 82240K, reserved 1179648K
  class space    used 11092K, committed 11392K, reserved 1048576K
}

Dll operation events (13 events):
Event: 0.036 Loaded shared library C:\Users\97254\.jdks\openjdk-19.0.1\bin\java.dll
Event: 0.065 Loaded shared library C:\Users\97254\.jdks\openjdk-19.0.1\bin\jsvml.dll
Event: 0.417 Loaded shared library C:\Users\97254\.jdks\openjdk-19.0.1\bin\zip.dll
Event: 0.429 Loaded shared library C:\Users\97254\.jdks\openjdk-19.0.1\bin\instrument.dll
Event: 0.447 Loaded shared library C:\Users\97254\.jdks\openjdk-19.0.1\bin\net.dll
Event: 0.458 Loaded shared library C:\Users\97254\.jdks\openjdk-19.0.1\bin\nio.dll
Event: 0.469 Loaded shared library C:\Users\97254\.jdks\openjdk-19.0.1\bin\zip.dll
Event: 2.223 Loaded shared library C:\Users\97254\.jdks\openjdk-19.0.1\bin\jimage.dll
Event: 4.375 Loaded shared library C:\Program Files\JetBrains\IntelliJ IDEA Community Edition 2022.2.3\bin\breakgen64.dll
Event: 4.395 Loaded shared library C:\Users\97254\.jdks\openjdk-19.0.1\bin\extnet.dll
Event: 6.656 Loaded shared library C:\Users\97254\.jdks\openjdk-19.0.1\bin\sunmscapi.dll
Event: 9.499 Loaded shared library C:\Users\97254\.jdks\openjdk-19.0.1\bin\management.dll
Event: 9.503 Loaded shared library C:\Users\97254\.jdks\openjdk-19.0.1\bin\management_ext.dll

Deoptimization events (20 events):
Event: 5396.650 Thread 0x0000015d1f0f1390 Uncommon trap: trap_request=0xffffffbe fr.pc=0x0000015d0fdd4d3c relative=0x000000000000031c
Event: 5396.650 Thread 0x0000015d1f0f1390 Uncommon trap: reason=profile_predicate action=maybe_recompile pc=0x0000015d0fdd4d3c method=java.util.concurrent.ConcurrentHashMap$Traverser.advance()Ljava/util/concurrent/ConcurrentHashMap$Node; @ 15 c2
Event: 5396.650 Thread 0x0000015d1f0f1390 DEOPT PACKING pc=0x0000015d0fdd4d3c sp=0x0000004bb7eff160
Event: 5396.650 Thread 0x0000015d1f0f1390 DEOPT UNPACKING pc=0x0000015d0f42a5a3 sp=0x0000004bb7efeeb8 mode 2
Event: 6252.455 Thread 0x0000015d21b3a360 Uncommon trap: trap_request=0xffffffbe fr.pc=0x0000015d0fdea350 relative=0x00000000000000b0
Event: 6252.456 Thread 0x0000015d21b3a360 Uncommon trap: reason=profile_predicate action=maybe_recompile pc=0x0000015d0fdea350 method=java.math.BigInteger.longValue()J @ 5 c2
Event: 6252.601 Thread 0x0000015d21b3a360 DEOPT PACKING pc=0x0000015d0fdea350 sp=0x0000004bb5dfd8d0
Event: 6252.747 Thread 0x0000015d21b3a360 DEOPT UNPACKING pc=0x0000015d0f42a5a3 sp=0x0000004bb5dfd850 mode 2
Event: 6252.747 Thread 0x0000015d21b3a360 Uncommon trap: trap_request=0xffffffbe fr.pc=0x0000015d0fdea350 relative=0x00000000000000b0
Event: 6252.747 Thread 0x0000015d21b3a360 Uncommon trap: reason=profile_predicate action=maybe_recompile pc=0x0000015d0fdea350 method=java.math.BigInteger.longValue()J @ 5 c2
Event: 6252.747 Thread 0x0000015d21b3a360 DEOPT PACKING pc=0x0000015d0fdea350 sp=0x0000004bb5dfd8d0
Event: 6252.748 Thread 0x0000015d21b3a360 DEOPT UNPACKING pc=0x0000015d0f42a5a3 sp=0x0000004bb5dfd850 mode 2
Event: 6252.748 Thread 0x0000015d21b3a360 Uncommon trap: trap_request=0xffffffbe fr.pc=0x0000015d0fdea350 relative=0x00000000000000b0
Event: 6252.748 Thread 0x0000015d21b3a360 Uncommon trap: reason=profile_predicate action=maybe_recompile pc=0x0000015d0fdea350 method=java.math.BigInteger.longValue()J @ 5 c2
Event: 6252.748 Thread 0x0000015d21b3a360 DEOPT PACKING pc=0x0000015d0fdea350 sp=0x0000004bb5dfd8d0
Event: 6252.748 Thread 0x0000015d21b3a360 DEOPT UNPACKING pc=0x0000015d0f42a5a3 sp=0x0000004bb5dfd850 mode 2
Event: 6252.748 Thread 0x0000015d21b3a360 Uncommon trap: trap_request=0xffffffbe fr.pc=0x0000015d0fdea350 relative=0x00000000000000b0
Event: 6252.748 Thread 0x0000015d21b3a360 Uncommon trap: reason=profile_predicate action=maybe_recompile pc=0x0000015d0fdea350 method=java.math.BigInteger.longValue()J @ 5 c2
Event: 6252.748 Thread 0x0000015d21b3a360 DEOPT PACKING pc=0x0000015d0fdea350 sp=0x0000004bb5dfd8d0
Event: 6252.821 Thread 0x0000015d21b3a360 DEOPT UNPACKING pc=0x0000015d0f42a5a3 sp=0x0000004bb5dfd850 mode 2

Classes loaded (20 events):
Event: 30.716 Loading class java/util/AbstractMap$SimpleEntry
Event: 30.716 Loading class java/util/AbstractMap$SimpleEntry done
Event: 30.958 Loading class java/util/stream/LongStream
Event: 30.959 Loading class java/util/stream/LongStream done
Event: 30.959 Loading class java/util/stream/DoubleStream
Event: 30.960 Loading class java/util/stream/DoubleStream done
Event: 30.965 Loading class org/w3c/dom/Node
Event: 30.966 Loading class org/w3c/dom/Node done
Event: 30.967 Loading class org/w3c/dom/Document
Event: 30.968 Loading class org/w3c/dom/Document done
Event: 141.016 Loading class java/io/PushbackInputStream
Event: 141.022 Loading class java/io/PushbackInputStream done
Event: 1387.283 Loading class sun/security/ssl/Alert
Event: 1387.394 Loading class sun/security/ssl/Alert done
Event: 1387.407 Loading class sun/security/ssl/Alert$AlertConsumer
Event: 1387.442 Loading class sun/security/ssl/Alert$AlertConsumer done
Event: 1387.442 Loading class sun/security/ssl/Alert$Level
Event: 1387.447 Loading class sun/security/ssl/Alert$Level done
Event: 1387.457 Loading class sun/net/ConnectionResetException
Event: 1387.465 Loading class sun/net/ConnectionResetException done

Classes unloaded (0 events):
No events

Classes redefined (0 events):
No events

Internal exceptions (20 events):
Event: 1387.456 Thread 0x0000015d21b363a0 Exception <a 'java/io/IOException'{0x00000000899ca660}> (0x00000000899ca660) 
thrown [s\open\src\hotspot\share\prims\jni.cpp, line 517]
Event: 1807.924 Thread 0x0000015d21b363a0 Exception <a 'java/net/SocketException'{0x000000008937a568}: Connection reset by peer: shutdown> (0x000000008937a568) 
thrown [s\open\src\hotspot\share\prims\jni.cpp, line 536]
Event: 2776.270 Thread 0x0000015d21b363a0 Exception <a 'java/net/SocketException'{0x0000000089101c90}: Connection reset by peer: shutdown> (0x0000000089101c90) 
thrown [s\open\src\hotspot\share\prims\jni.cpp, line 536]
Event: 4132.299 Thread 0x0000015d21b363a0 Exception <a 'java/io/IOException'{0x0000000088b6aa60}> (0x0000000088b6aa60) 
thrown [s\open\src\hotspot\share\prims\jni.cpp, line 517]
Event: 4132.303 Thread 0x0000015d21b363a0 Exception <a 'java/io/IOException'{0x0000000088b6b5b8}> (0x0000000088b6b5b8) 
thrown [s\open\src\hotspot\share\prims\jni.cpp, line 517]
Event: 4497.863 Thread 0x0000015d21b363a0 Exception <a 'java/io/IOException'{0x0000000088a7e4c0}> (0x0000000088a7e4c0) 
thrown [s\open\src\hotspot\share\prims\jni.cpp, line 517]
Event: 4691.643 Thread 0x0000015d21b363a0 Exception <a 'java/net/SocketException'{0x0000000088910f40}: Connection reset by peer: shutdown> (0x0000000088910f40) 
thrown [s\open\src\hotspot\share\prims\jni.cpp, line 536]
Event: 4775.917 Thread 0x0000015d21b363a0 Exception <a 'java/io/IOException'{0x00000000888e5e08}> (0x00000000888e5e08) 
thrown [s\open\src\hotspot\share\prims\jni.cpp, line 517]
Event: 4823.960 Thread 0x0000015d21b363a0 Exception <a 'java/io/IOException'{0x00000000887c6130}> (0x00000000887c6130) 
thrown [s\open\src\hotspot\share\prims\jni.cpp, line 517]
Event: 4823.960 Thread 0x0000015d21b363a0 Exception <a 'java/io/IOException'{0x00000000887c6c88}> (0x00000000887c6c88) 
thrown [s\open\src\hotspot\share\prims\jni.cpp, line 517]
Event: 5393.652 Thread 0x0000015d1f0f1390 Implicit null exception at 0x0000015d0fdd4a95 to 0x0000015d0fdd4d20
Event: 5394.645 Thread 0x0000015d1f0f1390 Implicit null exception at 0x0000015d0fdd4a95 to 0x0000015d0fdd4d20
Event: 5395.655 Thread 0x0000015d1f0f1390 Implicit null exception at 0x0000015d0fdd4a95 to 0x0000015d0fdd4d20
Event: 5396.649 Thread 0x0000015d1f0f1390 Implicit null exception at 0x0000015d0fdd4a95 to 0x0000015d0fdd4d20
Event: 5881.037 Thread 0x0000015d21b363a0 Exception <a 'java/io/IOException'{0x000000008835b758}> (0x000000008835b758) 
thrown [s\open\src\hotspot\share\prims\jni.cpp, line 517]
Event: 5881.041 Thread 0x0000015d21b363a0 Exception <a 'java/io/IOException'{0x000000008835c2b0}> (0x000000008835c2b0) 
thrown [s\open\src\hotspot\share\prims\jni.cpp, line 517]
Event: 6211.705 Thread 0x0000015d21b363a0 Exception <a 'java/io/IOException'{0x0000000088127e40}> (0x0000000088127e40) 
thrown [s\open\src\hotspot\share\prims\jni.cpp, line 517]
Event: 6211.712 Thread 0x0000015d21b363a0 Exception <a 'java/io/IOException'{0x0000000088128998}> (0x0000000088128998) 
thrown [s\open\src\hotspot\share\prims\jni.cpp, line 517]
Event: 7386.424 Thread 0x0000015d21b363a0 Exception <a 'java/io/IOException'{0x0000000087dae890}> (0x0000000087dae890) 
thrown [s\open\src\hotspot\share\prims\jni.cpp, line 517]
Event: 7386.430 Thread 0x0000015d21b363a0 Exception <a 'java/io/IOException'{0x0000000087daf3e8}> (0x0000000087daf3e8) 
thrown [s\open\src\hotspot\share\prims\jni.cpp, line 517]

VM Operations (20 events):
Event: 6218.828 Executing VM operation: Cleanup
Event: 6218.828 Executing VM operation: Cleanup done
Event: 6252.137 Executing VM operation: Cleanup
Event: 6252.310 Executing VM operation: Cleanup done
Event: 6330.085 Executing VM operation: Cleanup
Event: 6330.288 Executing VM operation: Cleanup done
Event: 6361.628 Executing VM operation: Cleanup
Event: 6361.685 Executing VM operation: Cleanup done
Event: 6543.454 Executing VM operation: Cleanup
Event: 6543.455 Executing VM operation: Cleanup done
Event: 6549.534 Executing VM operation: Cleanup
Event: 6549.535 Executing VM operation: Cleanup done
Event: 6609.087 Executing VM operation: Cleanup
Event: 6609.087 Executing VM operation: Cleanup done
Event: 6758.586 Executing VM operation: Cleanup
Event: 6758.586 Executing VM operation: Cleanup done
Event: 7386.576 Executing VM operation: Cleanup
Event: 7386.724 Executing VM operation: Cleanup done
Event: 7441.176 Executing VM operation: Cleanup
Event: 7441.318 Executing VM operation: Cleanup done

Events (20 events):
Event: 6542.048 Thread 0x0000015d21b363a0 Thread added: 0x0000015d21b363a0
Event: 6542.232 Thread 0x0000015d21b3b8a0 Thread added: 0x0000015d21b3b8a0
Event: 6547.243 Thread 0x0000015d21b363a0 Thread exited: 0x0000015d21b363a0
Event: 6548.271 Thread 0x0000015d21b3b8a0 Thread exited: 0x0000015d21b3b8a0
Event: 6608.136 Thread 0x0000015d21b363a0 Thread added: 0x0000015d21b363a0
Event: 6608.494 Thread 0x0000015d21b3a360 Thread added: 0x0000015d21b3a360
Event: 6613.495 Thread 0x0000015d21b363a0 Thread exited: 0x0000015d21b363a0
Event: 6613.559 Thread 0x0000015d21b3a360 Thread exited: 0x0000015d21b3a360
Event: 6735.843 Thread 0x0000015d21b363a0 Thread added: 0x0000015d21b363a0
Event: 6736.011 Thread 0x0000015d21b3a360 Thread added: 0x0000015d21b3a360
Event: 6741.022 Thread 0x0000015d21b363a0 Thread exited: 0x0000015d21b363a0
Event: 6741.394 Thread 0x0000015d21b3a360 Thread exited: 0x0000015d21b3a360
Event: 7385.442 Thread 0x0000015d21b363a0 Thread added: 0x0000015d21b363a0
Event: 7386.732 Thread 0x0000015d21b3b8a0 Thread added: 0x0000015d21b3b8a0
Event: 7391.917 Thread 0x0000015d21b363a0 Thread exited: 0x0000015d21b363a0
Event: 7394.073 Thread 0x0000015d21b3b8a0 Thread exited: 0x0000015d21b3b8a0
Event: 7440.908 Thread 0x0000015d21b363a0 Thread added: 0x0000015d21b363a0
Event: 7440.983 Thread 0x0000015d21b3a360 Thread added: 0x0000015d21b3a360
Event: 7445.983 Thread 0x0000015d21b363a0 Thread exited: 0x0000015d21b363a0
Event: 7446.671 Thread 0x0000015d21b3a360 Thread exited: 0x0000015d21b3a360


Dynamic libraries:
0x00007ff7e7f40000 - 0x00007ff7e7f4e000 	C:\Users\97254\.jdks\openjdk-19.0.1\bin\java.exe
0x00007ffe80140000 - 0x00007ffe803a7000 	C:\WINDOWS\SYSTEM32\ntdll.dll
0x00007ffe3f670000 - 0x00007ffe3f691000 	C:\Program Files\Avast Software\Avast\aswhook.dll
0x00007ffe7ee50000 - 0x00007ffe7ef19000 	C:\WINDOWS\System32\KERNEL32.DLL
0x00007ffe7da10000 - 0x00007ffe7de04000 	C:\WINDOWS\System32\KERNELBASE.dll
0x00007ffe7d050000 - 0x00007ffe7d19b000 	C:\WINDOWS\System32\ucrtbase.dll
0x00007ffe5b0c0000 - 0x00007ffe5b0db000 	C:\Users\97254\.jdks\openjdk-19.0.1\bin\VCRUNTIME140.dll
0x00007ffe5b3c0000 - 0x00007ffe5b3d7000 	C:\Users\97254\.jdks\openjdk-19.0.1\bin\jli.dll
0x00007ffe7e4b0000 - 0x00007ffe7e675000 	C:\WINDOWS\System32\USER32.dll
0x00007ffe7ca10000 - 0x00007ffe7ca37000 	C:\WINDOWS\System32\win32u.dll
0x00007ffe7ff20000 - 0x00007ffe7ff4b000 	C:\WINDOWS\System32\GDI32.dll
0x00007ffe4fc40000 - 0x00007ffe4fed3000 	C:\WINDOWS\WinSxS\amd64_microsoft.windows.common-controls_6595b64144ccf1df_6.0.26100.8115_none_3e075c82e3354f9c\COMCTL32.dll
0x00007ffe7cc30000 - 0x00007ffe7cd5b000 	C:\WINDOWS\System32\gdi32full.dll
0x00007ffe7dfd0000 - 0x00007ffe7e079000 	C:\WINDOWS\System32\msvcrt.dll
0x00007ffe7cb80000 - 0x00007ffe7cc23000 	C:\WINDOWS\System32\msvcp_win.dll
0x00007ffe7e860000 - 0x00007ffe7e892000 	C:\WINDOWS\System32\IMM32.DLL
0x00007ffe5bbf0000 - 0x00007ffe5bbfc000 	C:\Users\97254\.jdks\openjdk-19.0.1\bin\vcruntime140_1.dll
0x00007ffe23c30000 - 0x00007ffe23cbe000 	C:\Users\97254\.jdks\openjdk-19.0.1\bin\msvcp140.dll
0x00007ffdbadc0000 - 0x00007ffdbba80000 	C:\Users\97254\.jdks\openjdk-19.0.1\bin\server\jvm.dll
0x00007ffe7e2a0000 - 0x00007ffe7e356000 	C:\WINDOWS\System32\ADVAPI32.dll
0x00007ffe80050000 - 0x00007ffe800f7000 	C:\WINDOWS\System32\sechost.dll
0x00007ffe7e360000 - 0x00007ffe7e478000 	C:\WINDOWS\System32\RPCRT4.dll
0x00007ffe74e40000 - 0x00007ffe74e76000 	C:\WINDOWS\SYSTEM32\WINMM.dll
0x00007ffe67dd0000 - 0x00007ffe67dda000 	C:\WINDOWS\SYSTEM32\WSOCK32.dll
0x00007ffe6cd70000 - 0x00007ffe6cd7b000 	C:\WINDOWS\SYSTEM32\VERSION.dll
0x00007ffe7f030000 - 0x00007ffe7f0b0000 	C:\WINDOWS\System32\WS2_32.dll
0x00007ffe7b7a0000 - 0x00007ffe7b7bb000 	C:\WINDOWS\SYSTEM32\kernel.appcore.dll
0x00007ffe5b3b0000 - 0x00007ffe5b3ba000 	C:\Users\97254\.jdks\openjdk-19.0.1\bin\jimage.dll
0x00007ffe7a6a0000 - 0x00007ffe7a8e2000 	C:\WINDOWS\SYSTEM32\DBGHELP.DLL
0x00007ffe7e8a0000 - 0x00007ffe7ec22000 	C:\WINDOWS\System32\combase.dll
0x00007ffe7f0c0000 - 0x00007ffe7f198000 	C:\WINDOWS\System32\OLEAUT32.dll
0x00007ffe6b0a0000 - 0x00007ffe6b0db000 	C:\WINDOWS\SYSTEM32\dbgcore.DLL
0x00007ffe7ca40000 - 0x00007ffe7cae5000 	C:\WINDOWS\System32\bcryptPrimitives.dll
0x00007ffe5c590000 - 0x00007ffe5c59e000 	C:\Users\97254\.jdks\openjdk-19.0.1\bin\instrument.dll
0x00007ffe5ad70000 - 0x00007ffe5ad96000 	C:\Users\97254\.jdks\openjdk-19.0.1\bin\java.dll
0x00007ffdf8c80000 - 0x00007ffdf8d57000 	C:\Users\97254\.jdks\openjdk-19.0.1\bin\jsvml.dll
0x00007ffe7f1b0000 - 0x00007ffe7f917000 	C:\WINDOWS\System32\SHELL32.dll
0x00007ffe7cd60000 - 0x00007ffe7ceca000 	C:\WINDOWS\System32\wintypes.dll
0x00007ffe7d1a0000 - 0x00007ffe7da08000 	C:\WINDOWS\System32\windows.storage.dll
0x00007ffe7fe20000 - 0x00007ffe7ff18000 	C:\WINDOWS\System32\SHCORE.dll
0x00007ffe7ff50000 - 0x00007ffe7ffb6000 	C:\WINDOWS\System32\shlwapi.dll
0x00007ffe7c930000 - 0x00007ffe7c959000 	C:\WINDOWS\SYSTEM32\profapi.dll
0x00007ffe59170000 - 0x00007ffe59188000 	C:\Users\97254\.jdks\openjdk-19.0.1\bin\zip.dll
0x00007ffe599a0000 - 0x00007ffe599b3000 	C:\Users\97254\.jdks\openjdk-19.0.1\bin\net.dll
0x00007ffe6ea90000 - 0x00007ffe6ebbd000 	C:\WINDOWS\SYSTEM32\WINHTTP.dll
0x00007ffe7bd10000 - 0x00007ffe7bd7c000 	C:\WINDOWS\system32\mswsock.dll
0x00007ffe59220000 - 0x00007ffe59236000 	C:\Users\97254\.jdks\openjdk-19.0.1\bin\nio.dll
0x00007ffe3d220000 - 0x00007ffe3d23a000 	C:\Program Files\JetBrains\IntelliJ IDEA Community Edition 2022.2.3\bin\breakgen64.dll
0x00007ffe5b1a0000 - 0x00007ffe5b1a8000 	C:\Users\97254\.jdks\openjdk-19.0.1\bin\extnet.dll
0x00007ffe47e40000 - 0x00007ffe47e4e000 	C:\Users\97254\.jdks\openjdk-19.0.1\bin\sunmscapi.dll
0x00007ffe7ced0000 - 0x00007ffe7d047000 	C:\WINDOWS\System32\CRYPT32.dll
0x00007ffe7c210000 - 0x00007ffe7c240000 	C:\WINDOWS\SYSTEM32\ncrypt.dll
0x00007ffe7c1c0000 - 0x00007ffe7c1ff000 	C:\WINDOWS\SYSTEM32\NTASN1.dll
0x00007ffe7bff0000 - 0x00007ffe7c00b000 	C:\WINDOWS\SYSTEM32\CRYPTSP.dll
0x00007ffe7b700000 - 0x00007ffe7b739000 	C:\WINDOWS\system32\rsaenh.dll
0x00007ffe7bdc0000 - 0x00007ffe7bdf3000 	C:\WINDOWS\SYSTEM32\USERENV.dll
0x00007ffe7c900000 - 0x00007ffe7c92a000 	C:\WINDOWS\SYSTEM32\bcrypt.dll
0x00007ffe7c010000 - 0x00007ffe7c01c000 	C:\WINDOWS\SYSTEM32\CRYPTBASE.dll
0x00007ffe7b200000 - 0x00007ffe7b232000 	C:\WINDOWS\SYSTEM32\IPHLPAPI.DLL
0x00007ffe7f920000 - 0x00007ffe7f92a000 	C:\WINDOWS\System32\NSI.dll
0x00007ffe74d70000 - 0x00007ffe74d8d000 	C:\WINDOWS\SYSTEM32\dhcpcsvc6.DLL
0x00007ffe74d40000 - 0x00007ffe74d65000 	C:\WINDOWS\SYSTEM32\dhcpcsvc.DLL
0x00007ffe7b240000 - 0x00007ffe7b372000 	C:\WINDOWS\SYSTEM32\DNSAPI.dll
0x00007ffe5c580000 - 0x00007ffe5c58a000 	C:\Users\97254\.jdks\openjdk-19.0.1\bin\management.dll
0x00007ffe5ae00000 - 0x00007ffe5ae0b000 	C:\Users\97254\.jdks\openjdk-19.0.1\bin\management_ext.dll
0x00007ffe7fe10000 - 0x00007ffe7fe18000 	C:\WINDOWS\System32\PSAPI.DLL
0x00007ffe6ec70000 - 0x00007ffe6ec7b000 	C:\Windows\System32\rasadhlp.dll
0x00007ffe76680000 - 0x00007ffe76706000 	C:\WINDOWS\System32\fwpuclnt.dll
0x00007ffe2c9b0000 - 0x00007ffe2c9b8000 	C:\WINDOWS\system32\wshunix.dll

dbghelp: loaded successfully - version: 4.0.5 - missing functions: none
symbol engine: initialized successfully - sym options: 0x614 - pdb path: .;C:\Users\97254\.jdks\openjdk-19.0.1\bin;C:\WINDOWS\SYSTEM32;C:\Program Files\Avast Software\Avast;C:\WINDOWS\WinSxS\amd64_microsoft.windows.common-controls_6595b64144ccf1df_6.0.26100.8115_none_3e075c82e3354f9c;C:\Users\97254\.jdks\openjdk-19.0.1\bin\server;C:\Program Files\JetBrains\IntelliJ IDEA Community Edition 2022.2.3\bin

VM Arguments:
jvm_args: -javaagent:C:\Program Files\JetBrains\IntelliJ IDEA Community Edition 2022.2.3\lib\idea_rt.jar=57298:C:\Program Files\JetBrains\IntelliJ IDEA Community Edition 2022.2.3\bin -Dfile.encoding=UTF-8 -Dsun.stdout.encoding=UTF-8 -Dsun.stderr.encoding=UTF-8 
java_command: backend.BackendApplication
java_class_path (initial): C:\Users\97254\Downloads\backend\backend\target\classes;C:\Users\97254\.m2\repository\org\springframework\boot\spring-boot-starter-data-jpa\4.0.5\spring-boot-starter-data-jpa-4.0.5.jar;C:\Users\97254\.m2\repository\org\springframework\boot\spring-boot-starter\4.0.5\spring-boot-starter-4.0.5.jar;C:\Users\97254\.m2\repository\org\springframework\boot\spring-boot-starter-logging\4.0.5\spring-boot-starter-logging-4.0.5.jar;C:\Users\97254\.m2\repository\ch\qos\logback\logback-classic\1.5.32\logback-classic-1.5.32.jar;C:\Users\97254\.m2\repository\ch\qos\logback\logback-core\1.5.32\logback-core-1.5.32.jar;C:\Users\97254\.m2\repository\org\apache\logging\log4j\log4j-to-slf4j\2.25.3\log4j-to-slf4j-2.25.3.jar;C:\Users\97254\.m2\repository\org\apache\logging\log4j\log4j-api\2.25.3\log4j-api-2.25.3.jar;C:\Users\97254\.m2\repository\org\slf4j\jul-to-slf4j\2.0.17\jul-to-slf4j-2.0.17.jar;C:\Users\97254\.m2\repository\org\springframework\boot\spring-boot-autoconfigure\4.0.5\spring-boot-autoconfigure-4.0.5.jar;C:\Users\97254\.m2\repository\jakarta\annotation\jakarta.annotation-api\3.0.0\jakarta.annotation-api-3.0.0.jar;C:\Users\97254\.m2\repository\org\yaml\snakeyaml\2.5\snakeyaml-2.5.jar;C:\Users\97254\.m2\repository\org\springframework\boot\spring-boot-starter-jdbc\4.0.5\spring-boot-starter-jdbc-4.0.5.jar;C:\Users\97254\.m2\repository\com\zaxxer\HikariCP\7.0.2\HikariCP-7.0.2.jar;C:\Users\97254\.m2\repository\org\slf4j\slf4j-api\2.0.17\slf4j-api-2.0.17.jar;C:\Users\97254\.m2\repository\org\springframework\boot\spring-boot-data-jpa\4.0.5\spring-boot-data-jpa-4.0.5.jar;C:\Users\97254\.m2\repository\org\springframework\boot\spring-boot-data-commons\4.0.5\spring-boot-data-commons-4.0.5.jar;C:\Users\97254\.m2\repository\org\springframework\boot\spring-boot-persistence\4.0.5\spring-boot-persistence-4.0.5.jar;C:\Users\97254\.m2\repository\org\springframework\data\spring-data-commons\4.0.4\spring-data-commons-4.0.4.jar;C:\Users\97254\.m2\repository\org\springframework\boot\spring-boot-hibernate\4.0.5\spring-boot-hibernate-4.0.5.jar;C:\Users\97254\.m2\repository\org\springframework\boot\spring-boot-jpa\4.0.5\spring-boot-jpa-4.0.5.jar;C:\Users\97254\.m2\repository\jakarta\persistence\jakarta.persistence-api\3.2.0\jakarta.persistence-api-3.2.0.jar;C:\Users\97254\.m2\repository\org\hibernate\orm\hibernate-core\7.2.7.Final\hibernate-core-7.2.7.Final.jar;C:\Users\97254\.m2\repository\jakarta\transaction\jakarta.transaction-api\2.0.1\jakarta.transaction-api-2.0.1.jar;C:\Users\97254\.m2\repository\org\hibernate\models\hibernate-models\1.0.1\hibernate-models-1.0.1.jar;C:\Users\97254\.m2\repository\org\glassfish\jaxb\jaxb-runtime\4.0.6\jaxb-runtime-4.0.6.jar;C:\Users\97254\.m2\repository\org\glassfish\jaxb\jaxb-core\4.0.6\jaxb-core-4.0.6.jar;C:\Users\97254\.m2\repository\org\eclipse\angus\angus-activation\2.0.3\angus-activation-2.0.3.jar;C:\Users\97254\.m2\repository\org\glassfish\jaxb\txw2\4.0.6\txw2-4.0.6.jar;C:\Users\97254\.m2\repository\com\sun\istack\istack-commons-runtime\4.1.2\istack-commons-runtime-4.1.2.jar;C:\Users\97254\.m2\repository\jakarta\inject\jakarta.inject-api\2.0.1\jakarta.inject-api-2.0.1.jar;C:\Users\97254\.m2\repository\org\springframework\spring-orm\7.0.6\spring-orm-7.0.6.jar;C:\Users\97254\.m2\repository\org\springframework\data\spring-data-jpa\4.0.4\spring-data-jpa-4.0.4.jar;C:\Users\97254\.m2\repository\org\springframework\spring-context\7.0.6\spring-context-7.0.6.jar;C:\Users\97254\.m2\repository\org\springframework\spring-aop\7.0.6\spring-aop-7.0.6.jar;C:\Users\97254\.m2\repository\org\springframework\spring-tx\7.0.6\spring-tx-7.0.6.jar;C:\Users\97254\.m2\repository\org\springframework\spring-beans\7.0.6\spring-beans-7.0.6.jar;C:\Users\97254\.m2\repository\org\antlr\antlr4-runtime\4.13.2\antlr4-runtime-4.13.2.jar;C:\Users\97254\.m2\repository\org\springframework\spring-aspects\7.0.6\spring-aspects-7.0.6.jar;C:\Users\97254\.m2\repository\org\aspectj\aspectjweaver\1.9.25.1\aspectjweaver-1.9.25.1.jar;C:\Users\97254\.m2\repository\org\springframework\boot\spring-boot-jdbc\4.0.5\spring-boot-jdbc-4.0.5.jar;C:\Users\97254\.m2\repository\org\springframework\boot\spring-boot\4.0.5\spring-boot-4.0.5.jar;C:\Users\97254\.m2\repository\org\springframework\boot\spring-boot-sql\4.0.5\spring-boot-sql-4.0.5.jar;C:\Users\97254\.m2\repository\org\springframework\boot\spring-boot-transaction\4.0.5\spring-boot-transaction-4.0.5.jar;C:\Users\97254\.m2\repository\org\springframework\spring-jdbc\7.0.6\spring-jdbc-7.0.6.jar;C:\Users\97254\.m2\repository\org\springframework\boot\spring-boot-starter-validation\4.0.5\spring-boot-starter-validation-4.0.5.jar;C:\Users\97254\.m2\repository\org\springframework\boot\spring-boot-validation\4.0.5\spring-boot-validation-4.0.5.jar;C:\Users\97254\.m2\repository\org\apache\tomcat\embed\tomcat-embed-el\11.0.20\tomcat-embed-el-11.0.20.jar;C:\Users\97254\.m2\repository\org\hibernate\validator\hibernate-validator\9.0.1.Final\hibernate-validator-9.0.1.Final.jar;C:\Users\97254\.m2\repository\jakarta\validation\jakarta.validation-api\3.1.1\jakarta.validation-api-3.1.1.jar;C:\Users\97254\.m2\repository\org\jboss\logging\jboss-logging\3.6.3.Final\jboss-logging-3.6.3.Final.jar;C:\Users\97254\.m2\repository\com\fasterxml\classmate\1.7.3\classmate-1.7.3.jar;C:\Users\97254\.m2\repository\org\springframework\boot\spring-boot-starter-webmvc\4.0.5\spring-boot-starter-webmvc-4.0.5.jar;C:\Users\97254\.m2\repository\org\springframework\boot\spring-boot-starter-jackson\4.0.5\spring-boot-starter-jackson-4.0.5.jar;C:\Users\97254\.m2\repository\org\springframework\boot\spring-boot-jackson\4.0.5\spring-boot-jackson-4.0.5.jar;C:\Users\97254\.m2\repository\tools\jackson\core\jackson-databind\3.1.0\jackson-databind-3.1.0.jar;C:\Users\97254\.m2\repository\com\fasterxml\jackson\core\jackson-annotations\2.21\jackson-annotations-2.21.jar;C:\Users\97254\.m2\repository\tools\jackson\core\jackson-core\3.1.0\jackson-core-3.1.0.jar;C:\Users\97254\.m2\repository\org\springframework\boot\spring-boot-starter-tomcat\4.0.5\spring-boot-starter-tomcat-4.0.5.jar;C:\Users\97254\.m2\repository\org\springframework\boot\spring-boot-starter-tomcat-runtime\4.0.5\spring-boot-starter-tomcat-runtime-4.0.5.jar;C:\Users\97254\.m2\repository\org\apache\tomcat\embed\tomcat-embed-core\11.0.20\tomcat-embed-core-11.0.20.jar;C:\Users\97254\.m2\repository\org\apache\tomcat\embed\tomcat-embed-websocket\11.0.20\tomcat-embed-websocket-11.0.20.jar;C:\Users\97254\.m2\repository\org\springframework\boot\spring-boot-tomcat\4.0.5\spring-boot-tomcat-4.0.5.jar;C:\Users\97254\.m2\repository\org\springframework\boot\spring-boot-http-converter\4.0.5\spring-boot-http-converter-4.0.5.jar;C:\Users\97254\.m2\repository\org\springframework\spring-web\7.0.6\spring-web-7.0.6.jar;C:\Users\97254\.m2\repository\io\micrometer\micrometer-observation\1.16.4\micrometer-observation-1.16.4.jar;C:\Users\97254\.m2\repository\io\micrometer\micrometer-commons\1.16.4\micrometer-commons-1.16.4.jar;C:\Users\97254\.m2\repository\org\springframework\boot\spring-boot-webmvc\4.0.5\spring-boot-webmvc-4.0.5.jar;C:\Users\97254\.m2\repository\org\springframework\boot\spring-boot-servlet\4.0.5\spring-boot-servlet-4.0.5.jar;C:\Users\97254\.m2\repository\org\springframework\spring-webmvc\7.0.6\spring-webmvc-7.0.6.jar;C:\Users\97254\.m2\repository\org\springframework\spring-expression\7.0.6\spring-expression-7.0.6.jar;C:\Users\97254\.m2\repository\com\mysql\mysql-connector-j\9.6.0\mysql-connector-j-9.6.0.jar;C:\Users\97254\.m2\repository\jakarta\xml\bind\jakarta.xml.bind-api\4.0.4\jakarta.xml.bind-api-4.0.4.jar;C:\Users\97254\.m2\repository\jakarta\activation\jakarta.activation-api\2.1.4\jakarta.activation-api-2.1.4.jar;C:\Users\97254\.m2\repository\net\bytebuddy\byte-buddy\1.17.8\byte-buddy-1.17.8.jar;C:\Users\97254\.m2\repository\org\springframework\spring-core\7.0.6\spring-core-7.0.6.jar;C:\Users\97254\.m2\repository\commons-logging\commons-logging\1.3.6\commons-logging-1.3.6.jar;C:\Users\97254\.m2\repository\org\jspecify\jspecify\1.0.0\jspecify-1.0.0.jar;C:\Users\97254\.m2\repository\org\springframework\boot\spring-boot-web-server\4.0.5\spring-boot-web-server-4.0.5.jar
Launcher Type: SUN_STANDARD

[Global flags]
     intx CICompilerCount                          = 4                                         {product} {ergonomic}
     uint ConcGCThreads                            = 2                                         {product} {ergonomic}
     uint G1ConcRefinementThreads                  = 8                                         {product} {ergonomic}
   size_t G1HeapRegionSize                         = 1048576                                   {product} {ergonomic}
    uintx GCDrainStackTargetSize                   = 64                                        {product} {ergonomic}
   size_t InitialHeapSize                          = 130023424                                 {product} {ergonomic}
   size_t MarkStackSize                            = 4194304                                   {product} {ergonomic}
   size_t MaxHeapSize                              = 2078277632                                {product} {ergonomic}
   size_t MaxNewSize                               = 1246756864                                {product} {ergonomic}
   size_t MinHeapDeltaBytes                        = 1048576                                   {product} {ergonomic}
   size_t MinHeapSize                              = 8388608                                   {product} {ergonomic}
    uintx NonNMethodCodeHeapSize                   = 5839372                                {pd product} {ergonomic}
    uintx NonProfiledCodeHeapSize                  = 122909434                              {pd product} {ergonomic}
    uintx ProfiledCodeHeapSize                     = 122909434                              {pd product} {ergonomic}
    uintx ReservedCodeCacheSize                    = 251658240                              {pd product} {ergonomic}
     bool SegmentedCodeCache                       = true                                      {product} {ergonomic}
   size_t SoftMaxHeapSize                          = 2078277632                             {manageable} {ergonomic}
     bool UseCompressedClassPointers               = true                           {product lp64_product} {ergonomic}
     bool UseCompressedOops                        = true                           {product lp64_product} {ergonomic}
     bool UseG1GC                                  = true                                      {product} {ergonomic}
     bool UseLargePagesIndividualAllocation        = false                                  {pd product} {ergonomic}

Logging:
Log output configuration:
 #0: stdout all=warning uptime,level,tags foldmultilines=false
 #1: stderr all=off uptime,level,tags foldmultilines=false

Environment Variables:
PATH=C:\Program Files\Common Files\Oracle\Java\javapath;C:\Program Files (x86)\Common Files\Oracle\Java\java8path;C:\Program Files (x86)\Common Files\Oracle\Java\javapath;C:\Program Files\Python310\Scripts\;C:\Program Files\Python310\;C:\WINDOWS\system32;C:\WINDOWS;C:\WINDOWS\System32\Wbem;C:\WINDOWS\System32\WindowsPowerShell\v1.0\;C:\WINDOWS\System32\OpenSSH\;C:\Program Files\dotnet\;C:\Program Files\Microsoft SQL Server\150\Tools\Binn\;C:\Program Files\Microsoft SQL Server\Client SDK\ODBC\170\Tools\Binn\;C:\Program Files\Git\cmd;C:\Program Files (x86)\Windows Kits\10\Windows Performance Toolkit\;%NVM_HOME%;%NVM_SYMLINK%;C:\Users\97254\AppData\Local\Programs\Python\Python313\Scripts\;C:\Users\97254\AppData\Local\Programs\Python\Python313\;C:\Users\97254\AppData\Local\Microsoft\WindowsApps;C:\Program Files\JetBrains\IntelliJ IDEA Community Edition 2022.2.3\bin;;C:\Program Files\JetBrains\PyCharm 2024.1.1\bin;;C:\Users\97254\.dotnet\tools;C:\Users\97254\AppData\Roaming\npm;C:\Users\97254\AppData\Roaming\nvm;C:\Program Files\nodejs;C:\Users\97254\AppData\Local\Programs\Microsoft VS Code\bin
USERNAME=97254
OS=Windows_NT
PROCESSOR_IDENTIFIER=Intel64 Family 6 Model 140 Stepping 1, GenuineIntel
TMP=C:\Users\97254\AppData\Local\Temp
TEMP=C:\Users\97254\AppData\Local\Temp



---------------  S Y S T E M  ---------------

OS:
 Windows 11 , 64 bit Build 26100 (10.0.26100.8246)
OS uptime: 3 days 18:23 hours
Hyper-V role detected

CPU: total 8 (initial active 8) (4 cores per cpu, 2 threads per core) family 6 model 140 stepping 1 microcode 0xbe, cx8, cmov, fxsr, ht, mmx, 3dnowpref, sse, sse2, sse3, ssse3, sse4.1, sse4.2, popcnt, lzcnt, tsc, tscinvbit, avx, avx2, aes, erms, clmul, bmi1, bmi2, adx, avx512f, avx512dq, avx512cd, avx512bw, avx512vl, sha, fma, vzeroupper, avx512_vpopcntdq, avx512_vpclmulqdq, avx512_vaes, avx512_vnni, clflush, clflushopt, clwb, avx512_vbmi2, avx512_vbmi, hv, rdtscp, rdpid, fsrm, gfni, avx512_bitalg

Memory: 4k page, system-wide physical 7926M (528M free)
TotalPageFile size 32502M (AvailPageFile size 0M)
current process WorkingSet (physical memory assigned to process): 49M, peak: 283M
current process commit charge ("private bytes"): 325M, peak: 341M

vm_info: OpenJDK 64-Bit Server VM (19.0.1+10-21) for windows-amd64 JRE (19.0.1+10-21), built on 2022-09-14T12:45:06Z by "mach5one" with MS VC++ 17.1 (VS2022)

END.
